App for this /app/build/outputs/mapping/release/seeds.txt
com.akr.sm.MainActivity$setupWebViewClients$2$onCreateWindow$2
com.akr.sm.MainActivity$setupWebViewClients$2$onCreateWindow$1
com.akr.sm.MainActivity$setupWebViewClients$2
com.akr.sm.MainActivity$setupWebViewClients$1
com.akr.sm.service.MyFirebaseMessagingService
com.akr.sm.MainActivity
com.akr.sm.MainActivity: MainActivity()
com.akr.sm.MainActivity$NavBridge: void onPop()
com.akr.sm.MainActivity$NavBridge: void onPush(java.lang.String)
com.akr.sm.service.MyFirebaseMessagingService: MyFirebaseMessagingService()
...
com.google.firebase.messaging.RemoteMessage$Builder: RemoteMessage$Builder(java.lang.String)
com.google.firebase.messaging.RemoteMessage: java.lang.String getSenderId()
com.google.android.material.textfield.TextInputLayout: void setPlaceholderTextAppearance(int)
androidx.activity.Api34Impl: float progress(android.window.BackEvent)
com.google.android.datatransport.runtime.firebase.transport.LogEventDropped$Reason: com.google.android.datatransport.runtime.firebase.transport.LogEventDropped$Reason valueOf(java.lang.String)
com.google.android.material.chip.Chip: void setCheckedIconEnabled(boolean)
com.google.firebase.messaging.DisplayNotification: void showNotification(com.google.firebase.messaging.CommonNotificationBuilder$DisplayNotificationInfo)
com.google.firebase.messaging.RemoteMessage$Notification: java.lang.String[] getLocalizationArgs(com.google.firebase.messaging.NotificationParams,java.lang.String)
androidx.appcompat.widget.AppCompatImageView: android.graphics.PorterDuff$Mode getSupportBackgroundTintMode()
androidx.appcompat.widget.AppCompatButton: void setEmojiCompatEnabled(boolean)
androidx.appcompat.app.AlertController$RecycleListView: AlertController$RecycleListView(android.content.Context,android.util.AttributeSet)
com.google.firebase.messaging.DisplayNotification: void waitForAndApplyImageDownload(androidx.core.app.NotificationCompat$Builder,com.google.firebase.messaging.ImageDownload)
androidx.appcompat.widget.AppCompatCheckBox: androidx.appcompat.widget.AppCompatEmojiTextHelper getEmojiTextViewHelper()
androidx.recyclerview.widget.RecyclerView: void setAccessibilityDelegateCompat(androidx.recyclerview.widget.RecyclerViewAccessibilityDelegate)
com.google.firebase.messaging.RemoteMessage$Notification: java.lang.String getBodyLocalizationKey()
com.google.firebase.components.ComponentDiscoveryService: ComponentDiscoveryService()
com.google.android.material.appbar.MaterialToolbar: void setTitleCentered(boolean)
com.google.firebase.messaging.threads.ExecutorFactory: java.util.concurrent.ExecutorService newSingleThreadExecutor(com.google.firebase.messaging.threads.ThreadPriority)
com.google.android.material.chip.Chip: void setShapeAppearanceModel(com.google.android.material.shape.ShapeAppearanceModel)
androidx.swiperefreshlayout.widget.SwipeRefreshLayout: SwipeRefreshLayout(android.content.Context,android.util.AttributeSet)
androidx.appcompat.widget.AppCompatTextView: int getAutoSizeTextType()
com.google.firebase.messaging.SyncTask$ConnectivityChangeReceiver: SyncTask$ConnectivityChangeReceiver(com.google.firebase.messaging.SyncTask)
androidx.appcompat.widget.AppCompatTextViewAutoSizeHelper$Impl29: boolean isHorizontallyScrollable(android.widget.TextView)
androidx.appcompat.widget.DropDownListView: void setListSelectionHidden(boolean)
com.google.android.material.search.SearchView$Behavior: SearchView$Behavior(android.content.Context,android.util.AttributeSet)
org.chromium.support_lib_boundary.WebSettingsBoundaryInterface: boolean getBackForwardCacheEnabled()
com.google.android.material.button.MaterialButton: void setStrokeColor(android.content.res.ColorStateList)
com.google.firebase.messaging.RemoteMessageCreator: java.lang.Object[] newArray(int)
androidx.recyclerview.widget.RecyclerView: void setAdapter(androidx.recyclerview.widget.RecyclerView$Adapter)
androidx.appcompat.widget.ViewStubCompat: void setVisibility(int)
com.google.android.material.textfield.TextInputLayout: void setStartIconScaleType(android.widget.ImageView$ScaleType)
androidx.appcompat.widget.AppCompatImageView: android.content.res.ColorStateList getSupportImageTintList()
com.google.firebase.messaging.FirebaseMessaging: boolean isNotificationDelegationEnabled()
com.google.firebase.messaging.NotificationParams: java.lang.Long getLong(java.lang.String)
com.google.firebase.messaging.AutoProtoEncoderDoNotUseEncoder$MessagingClientEventEncoder: AutoProtoEncoderDoNotUseEncoder$MessagingClientEventEncoder()