App for this /app/build/outputs/mapping/release/usage.txt
com.akr.sm.BuildConfig
com.akr.sm.R$color
com.akr.sm.R$drawable:
    public static int ic_app_logo
    public static int ic_launcher_background
    public static int ic_offline_illustration
    private void <init>()
com.akr.sm.R$id:
    public static int layoutOffline
    public static int rootContainer
    private void <init>()
com.akr.sm.R$layout:
    public static int layout_offline
    private void <init>()
com.akr.sm.R$mipmap
com.akr.sm.R$string:
    public static int btn_retry
    public static int offline_message
    public static int offline_title
    public static int permission_audio_rationale
    public static int permission_camera_rationale
    public static int permission_location_rationale
    public static int permission_notification_rationale
    private void <init>()
com.akr.sm.R$style
com.akr.sm.R$xml
com.akr.sm.R
com.akr.sm.databinding.ActivityMainBinding:
    public synthetic bridge android.view.View getRoot()
com.akr.sm.databinding.LayoutOfflineBinding:
    public synthetic bridge android.view.View getRoot()
    public android.widget.LinearLayout getRoot()
    public static com.akr.sm.databinding.LayoutOfflineBinding inflate(android.view.LayoutInflater)
    public static com.akr.sm.databinding.LayoutOfflineBinding inflate(android.view.LayoutInflater,android.view.ViewGroup,boolean)
com.akr.sm.service.MyFirebaseMessagingService:
    private static final java.lang.String TAG
com.akr.sm.MainActivity:
    public static synthetic kotlin.Unit $r8$lambda$oOzFClYDiurord09JPIdIinvPIQ()
    public static java.io.File createImageFile()
    public final void navigateBack()
    public static final kotlin.Unit onStart$lambda$13()
    public static void requestNotificationPermissionIfNeeded()
    public static void setupBackPressedHandling()
    public static void setupEdgeToEdgePadding()
    public static void setupOfflineRetryButton()
    public static void setupSwipeRefresh()
    public static void setupWebViewClients()
    public static void setupWebViewSettings()
com.akr.sm.R$drawable
com.akr.sm.R$id
com.akr.sm.R$layout
com.akr.sm.R$string
com.akr.sm.databinding.ActivityMainBinding:
    public final androidx.constraintlayout.widget.ConstraintLayout rootView
    public static androidx.constraintlayout.widget.ConstraintLayout getRoot()
com.akr.sm.databinding.LayoutOfflineBinding:
    public final android.widget.ImageView ivOfflineIcon
    public final android.widget.LinearLayout rootView
    public final android.widget.TextView tvOfflineMessage
    public final android.widget.TextView tvOfflineTitle
com.akr.sm.network.NetworkMonitor$startMonitoring$callback$1:
    public final synthetic com.akr.sm.MainActivity$$InternalSyntheticLambda$1$c0b8f3dcc4d3ec3368bcae2316e2adf99e62215a2817f990c4b72f40caddfa6b$1 $onLost
com.akr.sm.network.NetworkMonitor:
    public final com.akr.sm.MainActivity context
    public static android.net.ConnectivityManager$NetworkCallback startMonitoring()
    public static void stopMonitoring()
com.akr.sm.service.MyFirebaseMessagingService$Companion
com.akr.sm.service.MyFirebaseMessagingService:
    public static final com.akr.sm.service.MyFirebaseMessagingService$Companion Companion
    static void <clinit>()
com.akr.sm.utils.DownloadHandler:
    public static void downloadFile()
...
androidx.core.view.accessibility.AccessibilityWindowInfoCompat$Api34Impl
androidx.core.view.accessibility.AccessibilityWindowInfoCompat
androidx.core.view.animation.PathInterpolatorApi14:
    private static final float PRECISION
    void <init>(float,float)
    private static android.graphics.Path createQuad(float,float)
androidx.core.view.animation.PathInterpolatorCompat$Api21Impl:
    private void <init>()
    static android.view.animation.Interpolator createPathInterpolator(float,float)
androidx.core.view.animation.PathInterpolatorCompat:
    private void <init>()
    public static android.view.animation.Interpolator create(float,float)
androidx.core.view.autofill.AutofillIdCompat
androidx.core.view.contentcapture.ContentCaptureSessionCompat$Api23Impl
androidx.core.view.contentcapture.ContentCaptureSessionCompat$Api29Impl
androidx.core.view.contentcapture.ContentCaptureSessionCompat$Api34Impl
androidx.core.view.contentcapture.ContentCaptureSessionCompat
androidx.core.view.inputmethod.EditorInfoCompat$Api30Impl:
    private void <init>()
    static java.lang.CharSequence getInitialSelectedText(android.view.inputmethod.EditorInfo,int)
    static java.lang.CharSequence getInitialTextAfterCursor(android.view.inputmethod.EditorInfo,int,int)
    static java.lang.CharSequence getInitialTextBeforeCursor(android.view.inputmethod.EditorInfo,int,int)
androidx.core.view.inputmethod.EditorInfoCompat$Api35Impl
androidx.core.view.inputmethod.EditorInfoCompat:
    private static final java.lang.String CONTENT_MIME_TYPES_INTEROP_KEY
    private static final java.lang.String CONTENT_MIME_TYPES_KEY
    private static final java.lang.String CONTENT_SELECTION_END_KEY
    private static final java.lang.String CONTENT_SELECTION_HEAD_KEY
    private static final java.lang.String CONTENT_SURROUNDING_TEXT_KEY
    public static final int IME_FLAG_FORCE_ASCII
    public static final int IME_FLAG_NO_PERSONALIZED_LEARNING
    static final int MAX_INITIAL_SELECTION_LENGTH
    static final int MEMORY_EFFICIENT_TEXT_LENGTH
    static final java.lang.String STYLUS_HANDWRITING_ENABLED_KEY
    public void <init>()
    public static java.lang.CharSequence getInitialSelectedText(android.view.inputmethod.EditorInfo,int)
    public static java.lang.CharSequence getInitialTextAfterCursor(android.view.inputmethod.EditorInfo,int,int)
    public static java.lang.CharSequence getInitialTextBeforeCursor(android.view.inputmethod.EditorInfo,int,int)
    static int getProtocol(android.view.inputmethod.EditorInfo)
    public static boolean isStylusHandwritingEnabled(android.view.inputmethod.EditorInfo)
    public static void setStylusHandwritingEnabled(android.view.inputmethod.EditorInfo,boolean)
androidx.core.view.inputmethod.InputConnectionCompat$Api25Impl